<?xml version="1.0" encoding="UTF-8"?>
<testsuite xmlns:xsi="http://www.w3.org/2001/XMLSchema-instance" xsi:noNamespaceSchemaLocation="https://maven.apache.org/surefire/maven-surefire-plugin/xsd/surefire-test-report.xsd" name="test.TodoControllerTest" time="1.22" tests="2" errors="0" skipped="0" failures="0">
  <properties>
[...]
</properties>
  <testcase name="testGetAllTodos" classname="test.TodoControllerTest" time="1.189"/>
  <testcase name="testCreateTodo" classname="test.TodoControllerTest" time="0"/>
</testsuite>